Using pre-set license
Built from '2020.3/china_unity/release' branch; Version is '2020.3.26f1c1 (cf0e0a163043) revision 13569546'; Using compiler version '192528614'; Build Type 'Release'
OS: 'Windows 10  (10.0.19044) 64bit CoreCountrySpecific' Language: 'zh' Physical Memory: 15732 MB
BatchMode: 1, IsHumanControllingUs: 0, StartBugReporterOnCrash: 0, Is64bit: 1, IsPro: 0

COMMAND LINE ARGUMENTS:
D:\MyPrograms\UnityEngine\Unity2020.3.26\Editor\Unity.exe
-adb2
-batchMode
-noUpm
-name
AssetImportWorker0
-projectPath
D:/Work/GitHub/CustomShader/ShaderLearning
-logFile
Logs/AssetImportWorker0.log
-srvPort
8367
Successfully changed project path to: D:/Work/GitHub/CustomShader/ShaderLearning
D:/Work/GitHub/CustomShader/ShaderLearning
Using Asset Import Pipeline V2.
AS: AutoStreaming module initializing.Refreshing native plugins compatible for Editor in 50.13 ms, found 0 plugins.
Preloading 0 native plugins for Editor in 0.00 ms.
Initialize engine version: 2020.3.26f1c1 (cf0e0a163043)
[Subsystems] Discovering subsystems at path D:/MyPrograms/UnityEngine/Unity2020.3.26/Editor/Data/Resources/UnitySubsystems
[Subsystems] Discovering subsystems at path D:/Work/GitHub/CustomShader/ShaderLearning/Assets
GfxDevice: creating device client; threaded=0
Direct3D:
    Version:  Direct3D 11.0 [level 11.1]
    Renderer: NVIDIA GeForce RTX 3070 Laptop GPU (ID=0x249d)
    Vendor:   
    VRAM:     8044 MB
    Driver:   30.0.14.7247
Initialize mono
Mono path[0] = 'D:/MyPrograms/UnityEngine/Unity2020.3.26/Editor/Data/Managed'
Mono path[1] = 'D:/MyPrograms/UnityEngine/Unity2020.3.26/Editor/Data/MonoBleedingEdge/lib/mono/unityjit'
Mono config path = 'D:/MyPrograms/UnityEngine/Unity2020.3.26/Editor/Data/MonoBleedingEdge/etc'
Using monoOptions --debugger-agent=transport=dt_socket,embedding=1,server=y,suspend=n,address=127.0.0.1:56644
Begin MonoManager ReloadAssembly
Registering precompiled unity dll's ...
Register platform support module: D:/MyPrograms/UnityEngine/Unity2020.3.26/Editor/Data/PlaybackEngines/WebGLSupport/UnityEditor.WebGL.Extensions.dll
Register platform support module: D:/MyPrograms/UnityEngine/Unity2020.3.26/Editor/Data/PlaybackEngines/WindowsStandaloneSupport/UnityEditor.WindowsStandalone.Extensions.dll
Registered in 0.002190 seconds.
Native extension for WindowsStandalone target not found
Native extension for WebGL target not found
Refreshing native plugins compatible for Editor in 54.90 ms, found 0 plugins.
Preloading 0 native plugins for Editor in 0.00 ms.
Mono: successfully reloaded assembly
- Completed reload, in  0.736 seconds
Domain Reload Profiling:
	ReloadAssembly (737ms)
		BeginReloadAssembly (74ms)
			ExecutionOrderSort (0ms)
			DisableScriptedObjects (0ms)
			BackupInstance (0ms)
			ReleaseScriptingObjects (0ms)
			CreateAndSetChildDomain (1ms)
		EndReloadAssembly (577ms)
			LoadAssemblies (74ms)
			RebuildTransferFunctionScriptingTraits (0ms)
			SetupTypeCache (177ms)
			ReleaseScriptCaches (0ms)
			RebuildScriptCaches (40ms)
			SetupLoadedEditorAssemblies (232ms)
				LogAssemblyErrors (0ms)
				InitializePlatformSupportModulesInManaged (7ms)
				SetLoadedEditorAssemblies (0ms)
				RefreshPlugins (55ms)
				BeforeProcessingInitializeOnLoad (17ms)
				ProcessInitializeOnLoadAttributes (120ms)
				ProcessInitializeOnLoadMethodAttributes (33ms)
				AfterProcessingInitializeOnLoad (0ms)
				EditorAssembliesLoaded (0ms)
			ExecutionOrderSort2 (0ms)
			AwakeInstancesAfterBackupRestoration (0ms)
Platform modules already initialized, skipping
Registering precompiled user dll's ...
Registered in 0.003441 seconds.
Begin MonoManager ReloadAssembly
Native extension for WindowsStandalone target not found
Native extension for WebGL target not found
Refreshing native plugins compatible for Editor in 53.21 ms, found 0 plugins.
Preloading 0 native plugins for Editor in 0.00 ms.
Mono: successfully reloaded assembly
- Completed reload, in  1.129 seconds
Domain Reload Profiling:
	ReloadAssembly (1130ms)
		BeginReloadAssembly (187ms)
			ExecutionOrderSort (0ms)
			DisableScriptedObjects (6ms)
			BackupInstance (0ms)
			ReleaseScriptingObjects (0ms)
			CreateAndSetChildDomain (24ms)
		EndReloadAssembly (873ms)
			LoadAssemblies (117ms)
			RebuildTransferFunctionScriptingTraits (0ms)
			SetupTypeCache (272ms)
			ReleaseScriptCaches (0ms)
			RebuildScriptCaches (60ms)
			SetupLoadedEditorAssemblies (300ms)
				LogAssemblyErrors (0ms)
				InitializePlatformSupportModulesInManaged (6ms)
				SetLoadedEditorAssemblies (0ms)
				RefreshPlugins (53ms)
				BeforeProcessingInitializeOnLoad (100ms)
				ProcessInitializeOnLoadAttributes (125ms)
				ProcessInitializeOnLoadMethodAttributes (12ms)
				AfterProcessingInitializeOnLoad (3ms)
				EditorAssembliesLoaded (0ms)
			ExecutionOrderSort2 (0ms)
			AwakeInstancesAfterBackupRestoration (8ms)
Platform modules already initialized, skipping
========================================================================
Worker process is ready to serve import requests
Launched and connected shader compiler UnityShaderCompiler.exe after 0.07 seconds
Refreshing native plugins compatible for Editor in 0.57 ms, found 0 plugins.
Preloading 0 native plugins for Editor in 0.00 ms.
Unloading 2250 Unused Serialized files (Serialized files now loaded: 0)
System memory in use before: 120.2 MB.
System memory in use after: 120.2 MB.

Unloading 15 unused Assets to reduce memory usage. Loaded Objects now: 2698.
Total: 3.259300 ms (FindLiveObjects: 0.211800 ms CreateObjectMapping: 0.088200 ms MarkObjects: 2.826700 ms  DeleteObjects: 0.131100 ms)

AssetImportParameters requested are different than current active one (requested -> active):
  custom:framework-win-MediaFoundation: 216162199b28c13a410421893ffa2e32 -> 
  custom:video-decoder-ogg-theora: a1e56fd34408186e4bbccfd4996cb3dc -> 
  custom:container-muxer-webm: aa71ff27fc2769a1b78a27578f13a17b -> 
  custom:container-demuxer-webm: 4f35f7cbe854078d1ac9338744f61a02 -> 
  custom:container-demuxer-ogg: 62fdf1f143b41e24485cea50d1cbac27 -> 
  custom:video-encoder-webm-vp8: eb34c28f22e8b96e1ab97ce403110664 -> 
  custom:video-codec-MediaFoundation-h265: 746d11721c4dcdbdad8f713fa42b33f4 -> 
  custom:video-decoder-webm-vp8: 9c59270c3fd7afecdb556c50c9e8de78 -> 
  custom:audio-decoder-ogg-vorbis: bf7c407c2cedff20999df2af8eb42d56 -> 
  custom:audio-encoder-webm-vorbis: bf7c407c2cedff20999df2af8eb42d56 -> 
========================================================================
Received Import Request.
  path: Assets/_Models/bunny.obj
  artifactKey: Guid(e847ab3b6ef72ca48b07a913600de1e4) Importer(815301076,1909f56bfc062723c751e8b465ee728b)
Start importing Assets/_Models/bunny.obj using Guid(e847ab3b6ef72ca48b07a913600de1e4) Importer(815301076,1909f56bfc062723c751e8b465ee728b)  -> (artifact id: '85fb1f4a57c564d7600c28c5c9580e82') in 0.292258 seconds 
  Import took 0.296488 seconds .

========================================================================
Received Import Request.
  Time since last request: 121.113644 seconds.
  path: Assets/_Textures/water.psd
  artifactKey: Guid(792863c152b8aaa409ef5a75a14f1c49) Importer(815301076,1909f56bfc062723c751e8b465ee728b)
Start importing Assets/_Textures/water.psd using Guid(792863c152b8aaa409ef5a75a14f1c49) Importer(815301076,1909f56bfc062723c751e8b465ee728b)  -> (artifact id: 'd2028b89b927a140502f9b570b1a62e7') in 0.026752 seconds 
  Import took 0.034167 seconds .

========================================================================
Received Import Request.
  Time since last request: 1.649309 seconds.
  path: Assets/_Textures/Ramp_Texture2.psd
  artifactKey: Guid(49fdf699dfef96f4b8cc7a0116602967) Importer(815301076,1909f56bfc062723c751e8b465ee728b)
Start importing Assets/_Textures/Ramp_Texture2.psd using Guid(49fdf699dfef96f4b8cc7a0116602967) Importer(815301076,1909f56bfc062723c751e8b465ee728b)  -> (artifact id: '00f6d619fe883aeb62dcd3ffd01e370a') in 0.012836 seconds 
  Import took 0.018377 seconds .

========================================================================
Received Import Request.
  Time since last request: 0.614669 seconds.
  path: Assets/_Textures/Ramp_Texture1.psd
  artifactKey: Guid(1f8d3558be6ba6940b7c5f7762f24330) Importer(815301076,1909f56bfc062723c751e8b465ee728b)
Start importing Assets/_Textures/Ramp_Texture1.psd using Guid(1f8d3558be6ba6940b7c5f7762f24330) Importer(815301076,1909f56bfc062723c751e8b465ee728b)  -> (artifact id: '8aaafcb14d852349874203d2806813da') in 0.012058 seconds 
  Import took 0.018566 seconds .

========================================================================
Received Import Request.
  Time since last request: 0.733871 seconds.
  path: Assets/_Textures/New Cubemap.cubemap
  artifactKey: Guid(2fbb7644ffa5b14499cab0a6607cff7f) Importer(815301076,1909f56bfc062723c751e8b465ee728b)
Start importing Assets/_Textures/New Cubemap.cubemap using Guid(2fbb7644ffa5b14499cab0a6607cff7f) Importer(815301076,1909f56bfc062723c751e8b465ee728b)  -> (artifact id: '9747650cfb7c84743dfdebf9d8aa33fa') in 0.036207 seconds 
  Import took 0.043364 seconds .

========================================================================
Received Import Request.
  Time since last request: 1.096952 seconds.
  path: Assets/_Textures/far_background.png
  artifactKey: Guid(a27dfd623ef88de49862a637b322a268) Importer(815301076,1909f56bfc062723c751e8b465ee728b)
Start importing Assets/_Textures/far_background.png using Guid(a27dfd623ef88de49862a637b322a268) Importer(815301076,1909f56bfc062723c751e8b465ee728b)  -> (artifact id: '1d8194845d9d25c2d6411f5f3e2047ee') in 0.034926 seconds 
  Import took 0.040201 seconds .

========================================================================
Received Import Request.
  Time since last request: 1.099729 seconds.
  path: Assets/_Textures/Brick_Normal.JPG
  artifactKey: Guid(dd15a70909688d9428c6e3e7b0400482) Importer(815301076,1909f56bfc062723c751e8b465ee728b)
Start importing Assets/_Textures/Brick_Normal.JPG using Guid(dd15a70909688d9428c6e3e7b0400482) Importer(815301076,1909f56bfc062723c751e8b465ee728b)  -> (artifact id: '418114ad7ab37a7366f199e430851345') in 0.025473 seconds 
  Import took 0.030919 seconds .

========================================================================
Received Import Request.
  Time since last request: 0.356450 seconds.
  path: Assets/_Textures/Brick_Diffuse.JPG
  artifactKey: Guid(517e70d645d50a6448bfe8563acade6c) Importer(815301076,1909f56bfc062723c751e8b465ee728b)
Start importing Assets/_Textures/Brick_Diffuse.JPG using Guid(517e70d645d50a6448bfe8563acade6c) Importer(815301076,1909f56bfc062723c751e8b465ee728b)  -> (artifact id: '0f9dfbfcb71b0e96737767fc2559234b') in 0.014351 seconds 
  Import took 0.019785 seconds .

========================================================================
Received Import Request.
  Time since last request: 7.150979 seconds.
  path: Assets/_Textures/boom.png
  artifactKey: Guid(a8305571562dd6d45b2e9644667331d9) Importer(815301076,1909f56bfc062723c751e8b465ee728b)
Start importing Assets/_Textures/boom.png using Guid(a8305571562dd6d45b2e9644667331d9) Importer(815301076,1909f56bfc062723c751e8b465ee728b)  -> (artifact id: '4bdfb81af3b3d228313873c16725a98b') in 0.014244 seconds 
  Import took 0.019882 seconds .

========================================================================
Received Import Request.
  Time since last request: 22.923600 seconds.
  path: Assets/Art
  artifactKey: Guid(71eebcde47d5854499d8d2efb375af9d) Importer(815301076,1909f56bfc062723c751e8b465ee728b)
Start importing Assets/Art using Guid(71eebcde47d5854499d8d2efb375af9d) Importer(815301076,1909f56bfc062723c751e8b465ee728b)  -> (artifact id: '4d80d2061ac2608e0bf9f10db139db2a') in 0.005932 seconds 
  Import took 0.011397 seconds .

========================================================================
Received Import Request.
  Time since last request: 55.514707 seconds.
  path: Assets/Models
  artifactKey: Guid(45627c898515d34419343527cb820e4e) Importer(815301076,1909f56bfc062723c751e8b465ee728b)
Start importing Assets/Models using Guid(45627c898515d34419343527cb820e4e) Importer(815301076,1909f56bfc062723c751e8b465ee728b)  -> (artifact id: '3a411bc4d6c8087647e9c49d54cc4c32') in 0.003520 seconds 
  Import took 0.008714 seconds .

========================================================================
Received Prepare
Registering precompiled user dll's ...
Registered in 0.002740 seconds.
Begin MonoManager ReloadAssembly
Native extension for WindowsStandalone target not found
Native extension for WebGL target not found
Refreshing native plugins compatible for Editor in 0.46 ms, found 0 plugins.
Preloading 0 native plugins for Editor in 0.00 ms.
Mono: successfully reloaded assembly
- Completed reload, in  1.035 seconds
Domain Reload Profiling:
	ReloadAssembly (1036ms)
		BeginReloadAssembly (138ms)
			ExecutionOrderSort (0ms)
			DisableScriptedObjects (7ms)
			BackupInstance (0ms)
			ReleaseScriptingObjects (0ms)
			CreateAndSetChildDomain (33ms)
		EndReloadAssembly (828ms)
			LoadAssemblies (119ms)
			RebuildTransferFunctionScriptingTraits (0ms)
			SetupTypeCache (258ms)
			ReleaseScriptCaches (2ms)
			RebuildScriptCaches (64ms)
			SetupLoadedEditorAssemblies (283ms)
				LogAssemblyErrors (0ms)
				InitializePlatformSupportModulesInManaged (7ms)
				SetLoadedEditorAssemblies (1ms)
				RefreshPlugins (1ms)
				BeforeProcessingInitializeOnLoad (136ms)
				ProcessInitializeOnLoadAttributes (127ms)
				ProcessInitializeOnLoadMethodAttributes (8ms)
				AfterProcessingInitializeOnLoad (3ms)
				EditorAssembliesLoaded (0ms)
			ExecutionOrderSort2 (0ms)
			AwakeInstancesAfterBackupRestoration (10ms)
Platform modules already initialized, skipping
Refreshing native plugins compatible for Editor in 0.46 ms, found 0 plugins.
Preloading 0 native plugins for Editor in 0.00 ms.
Unloading 2140 Unused Serialized files (Serialized files now loaded: 0)
System memory in use before: 113.0 MB.
System memory in use after: 113.1 MB.

Unloading 7 unused Assets to reduce memory usage. Loaded Objects now: 2751.
Total: 3.133300 ms (FindLiveObjects: 0.230000 ms CreateObjectMapping: 0.092000 ms MarkObjects: 2.748300 ms  DeleteObjects: 0.061800 ms)

AssetImportParameters requested are different than current active one (requested -> active):
  custom:framework-win-MediaFoundation: 216162199b28c13a410421893ffa2e32 -> 
  custom:video-decoder-ogg-theora: a1e56fd34408186e4bbccfd4996cb3dc -> 
  custom:container-muxer-webm: aa71ff27fc2769a1b78a27578f13a17b -> 
  custom:container-demuxer-webm: 4f35f7cbe854078d1ac9338744f61a02 -> 
  custom:container-demuxer-ogg: 62fdf1f143b41e24485cea50d1cbac27 -> 
  custom:video-encoder-webm-vp8: eb34c28f22e8b96e1ab97ce403110664 -> 
  custom:video-codec-MediaFoundation-h265: 746d11721c4dcdbdad8f713fa42b33f4 -> 
  custom:video-decoder-webm-vp8: 9c59270c3fd7afecdb556c50c9e8de78 -> 
  custom:audio-decoder-ogg-vorbis: bf7c407c2cedff20999df2af8eb42d56 -> 
  custom:audio-encoder-webm-vorbis: bf7c407c2cedff20999df2af8eb42d56 -> 
========================================================================
Received Import Request.
  Time since last request: 98.644752 seconds.
  path: Assets/_ShadersNew/Test.shader
  artifactKey: Guid(d098e77fda9d86748bbc8d04271cce03) Importer(815301076,1909f56bfc062723c751e8b465ee728b)
Start importing Assets/_ShadersNew/Test.shader using Guid(d098e77fda9d86748bbc8d04271cce03) Importer(815301076,1909f56bfc062723c751e8b465ee728b)  -> (artifact id: '39be22fa7e2edf5b243e7bd0a64f9ce4') in 0.032365 seconds 
  Import took 0.039740 seconds .

========================================================================
Received Import Request.
  Time since last request: 44.831691 seconds.
  path: Assets/_Shaders/00Diffuse.shader
  artifactKey: Guid(2e3b16efe854c584e9b894409d5dd9a7) Importer(815301076,1909f56bfc062723c751e8b465ee728b)
Start importing Assets/_Shaders/00Diffuse.shader using Guid(2e3b16efe854c584e9b894409d5dd9a7) Importer(815301076,1909f56bfc062723c751e8b465ee728b)  -> (artifact id: '758e971408c6dc9359b888d2ac89b023') in 0.003581 seconds 
  Import took 0.008340 seconds .

========================================================================
Received Import Request.
  Time since last request: 386.272868 seconds.
  path: Assets/Scripts/ProceduralTextureGeneration.cs
  artifactKey: Guid(7542a6a5de0138245834ca7eec65e9da) Importer(815301076,1909f56bfc062723c751e8b465ee728b)
Start importing Assets/Scripts/ProceduralTextureGeneration.cs using Guid(7542a6a5de0138245834ca7eec65e9da) Importer(815301076,1909f56bfc062723c751e8b465ee728b)  -> (artifact id: 'fc6edd089cffc22869a7d7ba32095b37') in 0.013124 seconds 
  Import took 0.018811 seconds .

========================================================================
Received Prepare
Registering precompiled user dll's ...
Registered in 0.003175 seconds.
Begin MonoManager ReloadAssembly
Native extension for WindowsStandalone target not found
Native extension for WebGL target not found
Refreshing native plugins compatible for Editor in 0.46 ms, found 0 plugins.
Preloading 0 native plugins for Editor in 0.00 ms.
Mono: successfully reloaded assembly
- Completed reload, in  1.019 seconds
Domain Reload Profiling:
	ReloadAssembly (1020ms)
		BeginReloadAssembly (135ms)
			ExecutionOrderSort (0ms)
			DisableScriptedObjects (8ms)
			BackupInstance (0ms)
			ReleaseScriptingObjects (0ms)
			CreateAndSetChildDomain (29ms)
		EndReloadAssembly (811ms)
			LoadAssemblies (114ms)
			RebuildTransferFunctionScriptingTraits (0ms)
			SetupTypeCache (244ms)
			ReleaseScriptCaches (2ms)
			RebuildScriptCaches (59ms)
			SetupLoadedEditorAssemblies (289ms)
				LogAssemblyErrors (0ms)
				InitializePlatformSupportModulesInManaged (7ms)
				SetLoadedEditorAssemblies (1ms)
				RefreshPlugins (1ms)
				BeforeProcessingInitializeOnLoad (139ms)
				ProcessInitializeOnLoadAttributes (129ms)
				ProcessInitializeOnLoadMethodAttributes (8ms)
				AfterProcessingInitializeOnLoad (5ms)
				EditorAssembliesLoaded (0ms)
			ExecutionOrderSort2 (0ms)
			AwakeInstancesAfterBackupRestoration (9ms)
Platform modules already initialized, skipping
Refreshing native plugins compatible for Editor in 0.48 ms, found 0 plugins.
Preloading 0 native plugins for Editor in 0.00 ms.
Unloading 2136 Unused Serialized files (Serialized files now loaded: 0)
System memory in use before: 113.0 MB.
System memory in use after: 113.2 MB.

Unloading 7 unused Assets to reduce memory usage. Loaded Objects now: 2753.
Total: 3.191900 ms (FindLiveObjects: 0.240400 ms CreateObjectMapping: 0.089700 ms MarkObjects: 2.802100 ms  DeleteObjects: 0.058700 ms)

AssetImportParameters requested are different than current active one (requested -> active):
  custom:framework-win-MediaFoundation: 216162199b28c13a410421893ffa2e32 -> 
  custom:video-decoder-ogg-theora: a1e56fd34408186e4bbccfd4996cb3dc -> 
  custom:container-muxer-webm: aa71ff27fc2769a1b78a27578f13a17b -> 
  custom:container-demuxer-webm: 4f35f7cbe854078d1ac9338744f61a02 -> 
  custom:container-demuxer-ogg: 62fdf1f143b41e24485cea50d1cbac27 -> 
  custom:video-encoder-webm-vp8: eb34c28f22e8b96e1ab97ce403110664 -> 
  custom:video-codec-MediaFoundation-h265: 746d11721c4dcdbdad8f713fa42b33f4 -> 
  custom:video-decoder-webm-vp8: 9c59270c3fd7afecdb556c50c9e8de78 -> 
  custom:audio-decoder-ogg-vorbis: bf7c407c2cedff20999df2af8eb42d56 -> 
  custom:audio-encoder-webm-vorbis: bf7c407c2cedff20999df2af8eb42d56 -> 
========================================================================
Received Import Request.
  Time since last request: 20.448265 seconds.
  path: Assets/Shaders/Chapter5-FalseColor.shader
  artifactKey: Guid(7960814b96d9c044b8298f1625019b1e) Importer(815301076,1909f56bfc062723c751e8b465ee728b)
Start importing Assets/Shaders/Chapter5-FalseColor.shader using Guid(7960814b96d9c044b8298f1625019b1e) Importer(815301076,1909f56bfc062723c751e8b465ee728b)  -> (artifact id: 'fe5bc128cb713050d60b234db77234b5') in 0.036649 seconds 
  Import took 0.046558 seconds .

========================================================================
Received Import Request.
  Time since last request: 49.796409 seconds.
  path: Assets/LegacyShader
  artifactKey: Guid(bfa9e22fd0361094eb76325dea7a534f) Importer(815301076,1909f56bfc062723c751e8b465ee728b)
Start importing Assets/LegacyShader using Guid(bfa9e22fd0361094eb76325dea7a534f) Importer(815301076,1909f56bfc062723c751e8b465ee728b)  -> (artifact id: '60d51cd849b2885a20d0f49d5c5114bb') in 0.004727 seconds 
  Import took 0.010180 seconds .

========================================================================
Received Import Request.
  Time since last request: 8.276644 seconds.
  path: Assets/Scenes
  artifactKey: Guid(e7754e6cae3528444a892464e53d33a8) Importer(815301076,1909f56bfc062723c751e8b465ee728b)
Start importing Assets/Scenes using Guid(e7754e6cae3528444a892464e53d33a8) Importer(815301076,1909f56bfc062723c751e8b465ee728b)  -> (artifact id: '808593666184ced0a7e03ba6406e941c') in 0.003607 seconds 
  Import took 0.008401 seconds .

========================================================================
Received Import Request.
  Time since last request: 3.184855 seconds.
  path: Assets/Shaders
  artifactKey: Guid(9653b50d69deb674783a1f87cf12a74a) Importer(815301076,1909f56bfc062723c751e8b465ee728b)
Start importing Assets/Shaders using Guid(9653b50d69deb674783a1f87cf12a74a) Importer(815301076,1909f56bfc062723c751e8b465ee728b)  -> (artifact id: '73c7ff4fd0e39c356a830184da63a04b') in 0.004175 seconds 
  Import took 0.009093 seconds .

========================================================================
Received Import Request.
  Time since last request: 19.986674 seconds.
  path: Assets/Scenes/Scene_11_3_1.unity
  artifactKey: Guid(c1ebb0126e805a444a240fe50374e1cd) Importer(815301076,1909f56bfc062723c751e8b465ee728b)
Start importing Assets/Scenes/Scene_11_3_1.unity using Guid(c1ebb0126e805a444a240fe50374e1cd) Importer(815301076,1909f56bfc062723c751e8b465ee728b)  -> (artifact id: '1df7689a4bf378682d97ee248b03fd49') in 0.004186 seconds 
  Import took 0.008983 seconds .

========================================================================
Received Import Request.
  Time since last request: 7.927507 seconds.
  path: Assets/_PracticingShaders/NormalMapTangentSpace.shader
  artifactKey: Guid(4fe59ea95e2484341be1196af3e9d140) Importer(815301076,1909f56bfc062723c751e8b465ee728b)
Start importing Assets/_PracticingShaders/NormalMapTangentSpace.shader using Guid(4fe59ea95e2484341be1196af3e9d140) Importer(815301076,1909f56bfc062723c751e8b465ee728b)  -> (artifact id: 'a23ae3414d35e3c7f3a3a3aee17428f7') in 0.004643 seconds 
  Import took 0.010188 seconds .

========================================================================
Received Import Request.
  Time since last request: 1.007613 seconds.
  path: Assets/_PracticingShaders/AlphaBlendWithBothSide.shader
  artifactKey: Guid(95c30571a561c9d4789bcb8fd0d9df7a) Importer(815301076,1909f56bfc062723c751e8b465ee728b)
Start importing Assets/_PracticingShaders/AlphaBlendWithBothSide.shader using Guid(95c30571a561c9d4789bcb8fd0d9df7a) Importer(815301076,1909f56bfc062723c751e8b465ee728b)  -> (artifact id: '5cbc9528eeff8141215414736bc3c515') in 0.004675 seconds 
  Import took 0.010971 seconds .

========================================================================
Received Import Request.
  Time since last request: 0.705354 seconds.
  path: Assets/_PracticingShaders/AlphaBlend.shader
  artifactKey: Guid(83eb93bf1c311f8479396cbed9dd93e8) Importer(815301076,1909f56bfc062723c751e8b465ee728b)
Start importing Assets/_PracticingShaders/AlphaBlend.shader using Guid(83eb93bf1c311f8479396cbed9dd93e8) Importer(815301076,1909f56bfc062723c751e8b465ee728b)  -> (artifact id: '00758b3d08238d7ef109944420455c84') in 0.004327 seconds 
  Import took 0.009133 seconds .

========================================================================
Received Import Request.
  Time since last request: 1.691731 seconds.
  path: Assets/_PracticingShaders/DiffuseVertex.shader
  artifactKey: Guid(9346e3de21125cb4cb2d869e540816ae) Importer(815301076,1909f56bfc062723c751e8b465ee728b)
Start importing Assets/_PracticingShaders/DiffuseVertex.shader using Guid(9346e3de21125cb4cb2d869e540816ae) Importer(815301076,1909f56bfc062723c751e8b465ee728b)  -> (artifact id: '3f44245c9ea5dabf609a0ac985521f4c') in 0.004974 seconds 
  Import took 0.010239 seconds .

========================================================================
Received Import Request.
  Time since last request: 22.422815 seconds.
  path: Assets/Art/Textures/transparent_texture.psd
  artifactKey: Guid(5e23923bf1317a149b84b20207c2d874) Importer(815301076,1909f56bfc062723c751e8b465ee728b)
Start importing Assets/Art/Textures/transparent_texture.psd using Guid(5e23923bf1317a149b84b20207c2d874) Importer(815301076,1909f56bfc062723c751e8b465ee728b)  -> (artifact id: '1f4c2ba91f2cbb617436d98b30510527') in 0.039921 seconds 
  Import took 0.045347 seconds .

========================================================================
Received Import Request.
  Time since last request: 16.619470 seconds.
  path: Assets/_Scenes/UIDesigner.unity
  artifactKey: Guid(5c7a58edc545cb64cb2a28fbe1831f93) Importer(815301076,1909f56bfc062723c751e8b465ee728b)
Start importing Assets/_Scenes/UIDesigner.unity using Guid(5c7a58edc545cb64cb2a28fbe1831f93) Importer(815301076,1909f56bfc062723c751e8b465ee728b)  -> (artifact id: 'cee05d29944ebd7366cc80eb9474614f') in 0.005385 seconds 
  Import took 0.010442 seconds .

========================================================================
Received Import Request.
  Time since last request: 0.553167 seconds.
  path: Assets/_Scenes/MidLighting.unity
  artifactKey: Guid(62d84e69d4c693a4087f64376d97ab3f) Importer(815301076,1909f56bfc062723c751e8b465ee728b)
Start importing Assets/_Scenes/MidLighting.unity using Guid(62d84e69d4c693a4087f64376d97ab3f) Importer(815301076,1909f56bfc062723c751e8b465ee728b)  -> (artifact id: 'cee7baca25043357943a686f0271a29b') in 0.004438 seconds 
  Import took 0.009765 seconds .

========================================================================
Received Import Request.
  Time since last request: 0.840338 seconds.
  path: Assets/_Scenes/BasicLighting.unity
  artifactKey: Guid(f281b72abe074794fb03613f9b2a2cea) Importer(815301076,1909f56bfc062723c751e8b465ee728b)
Start importing Assets/_Scenes/BasicLighting.unity using Guid(f281b72abe074794fb03613f9b2a2cea) Importer(815301076,1909f56bfc062723c751e8b465ee728b)  -> (artifact id: '0604af2bb3215ee0c4f6ddd035f9dabe') in 0.004243 seconds 
  Import took 0.009465 seconds .

========================================================================
Received Import Request.
  Time since last request: 77.895669 seconds.
  path: Assets/Art/Textures/near_background.png
  artifactKey: Guid(0b00adcad6d9e884799bee3ab13b80ed) Importer(815301076,1909f56bfc062723c751e8b465ee728b)
Start importing Assets/Art/Textures/near_background.png using Guid(0b00adcad6d9e884799bee3ab13b80ed) Importer(815301076,1909f56bfc062723c751e8b465ee728b)  -> (artifact id: 'b3c2ed705be78c9c37177c6d91246706') in 0.024274 seconds 
  Import took 0.030324 seconds .

========================================================================
Received Import Request.
  Time since last request: 64.756205 seconds.
  path: Assets/Legacy
  artifactKey: Guid(11e24581db169984682bae24d99ff2ba) Importer(815301076,1909f56bfc062723c751e8b465ee728b)
Start importing Assets/Legacy using Guid(11e24581db169984682bae24d99ff2ba) Importer(815301076,1909f56bfc062723c751e8b465ee728b)  -> (artifact id: '9faf50fb98a3d33264ed066a3e01da2c') in 0.006639 seconds 
  Import took 0.012318 seconds .

========================================================================
Received Import Request.
  Time since last request: 5.973862 seconds.
  path: Assets/LegacyMaterials
  artifactKey: Guid(54f26995691277141b0e35b0933ddc4d) Importer(815301076,1909f56bfc062723c751e8b465ee728b)
Start importing Assets/LegacyMaterials using Guid(54f26995691277141b0e35b0933ddc4d) Importer(815301076,1909f56bfc062723c751e8b465ee728b)  -> (artifact id: 'ac34f30843212966ae6a25bd883bd074') in 0.003914 seconds 
  Import took 0.010753 seconds .

========================================================================
Received Import Request.
  Time since last request: 31.108905 seconds.
  path: Assets/Scripts/RenderCubemapWizard.cs
  artifactKey: Guid(35f74f9e0133d0d4ba5c773222b0abd3) Importer(815301076,1909f56bfc062723c751e8b465ee728b)
Start importing Assets/Scripts/RenderCubemapWizard.cs using Guid(35f74f9e0133d0d4ba5c773222b0abd3) Importer(815301076,1909f56bfc062723c751e8b465ee728b)  -> (artifact id: '092669c86749a78bc15a353c96b77e27') in 0.003413 seconds 
  Import took 0.008080 seconds .

========================================================================
Received Import Request.
  Time since last request: 92.140721 seconds.
  path: Assets/Shaders/URP_PBRLitTemplate.shader
  artifactKey: Guid(7d41ebe0f6e3f3e42a56e486093fbb28) Importer(815301076,1909f56bfc062723c751e8b465ee728b)
Start importing Assets/Shaders/URP_PBRLitTemplate.shader using Guid(7d41ebe0f6e3f3e42a56e486093fbb28) Importer(815301076,1909f56bfc062723c751e8b465ee728b)  -> (artifact id: '97b1403f46498efad5b71221859b61e7') in 0.009031 seconds 
  Import took 0.014157 seconds .

========================================================================
Received Import Request.
  Time since last request: 5.857221 seconds.
  path: Assets/Shaders
  artifactKey: Guid(7b3216f981ca681448ec6f8237c60f30) Importer(815301076,1909f56bfc062723c751e8b465ee728b)
Start importing Assets/Shaders using Guid(7b3216f981ca681448ec6f8237c60f30) Importer(815301076,1909f56bfc062723c751e8b465ee728b)  -> (artifact id: '3bc152400d421957aa4fe45660547a13') in 0.004677 seconds 
  Import took 0.011156 seconds .

AssetImportWorkerClient::OnTransportError - code=2 error=End of file
